0 verbose cli /usr/local/bin/node /usr/local/bin/npm
1 info using npm@10.2.3
2 info using node@v20.10.0
3 timing npm:load:whichnode Completed in 0ms
4 timing config:load:defaults Completed in 0ms
5 timing config:load:file:/usr/local/lib/node_modules/npm/npmrc Completed in 0ms
6 timing config:load:builtin Completed in 0ms
7 timing config:load:cli Completed in 0ms
8 timing config:load:env Completed in 1ms
9 timing config:load:file:/Users/michalglowacki/Documents/Michal/Lamiglo/internpick/.npmrc Completed in 0ms
10 timing config:load:project Completed in 0ms
11 timing config:load:file:/Users/michalglowacki/.npmrc Completed in 0ms
12 timing config:load:user Completed in 0ms
13 timing config:load:file:/usr/local/etc/npmrc Completed in 0ms
14 timing config:load:global Completed in 0ms
15 timing config:load:setEnvs Completed in 0ms
16 timing config:load Completed in 2ms
17 timing npm:load:configload Completed in 2ms
18 timing config:load:flatten Completed in 1ms
19 timing npm:load:mkdirpcache Completed in 0ms
20 timing npm:load:mkdirplogs Completed in 0ms
21 verbose title npm install @next/third-parties@latest
22 verbose argv "install" "@next/third-parties@latest" "--cache" "./.npm-cache"
23 timing npm:load:setTitle Completed in 5ms
24 timing npm:load:display Completed in 0ms
25 verbose logfile logs-max:10 dir:/Users/michalglowacki/Documents/Michal/Lamiglo/internpick/.npm-cache/_logs/2026-03-14T12_36_32_742Z-
26 verbose logfile /Users/michalglowacki/Documents/Michal/Lamiglo/internpick/.npm-cache/_logs/2026-03-14T12_36_32_742Z-debug-0.log
27 timing npm:load:logFile Completed in 3ms
28 timing npm:load:timers Completed in 0ms
29 timing npm:load:configScope Completed in 0ms
30 timing npm:load Completed in 16ms
31 timing arborist:ctor Completed in 1ms
32 silly logfile done cleaning log files
33 timing idealTree:init Completed in 53ms
34 verbose shrinkwrap failed to load node_modules/.package-lock.json [Error: EPERM: operation not permitted, stat '/Users/michalglowacki/Documents/Michal/Lamiglo/internpick/node_modules'] {
34 verbose shrinkwrap   errno: -1,
34 verbose shrinkwrap   code: 'EPERM',
34 verbose shrinkwrap   syscall: 'stat',
34 verbose shrinkwrap   path: '/Users/michalglowacki/Documents/Michal/Lamiglo/internpick/node_modules'
34 verbose shrinkwrap }
35 http fetch GET 200 https://registry.npmjs.org/npm 159ms (cache miss)
36 http fetch GET 200 https://registry.npmjs.org/@next%2fthird-parties 120ms (cache miss)
37 timing idealTree:userRequests Completed in 124ms
38 silly idealTree buildDeps
39 silly fetch manifest @next/third-parties@16.1.6
40 silly fetch manifest next@16.1.6
41 http fetch GET 200 https://registry.npmjs.org/next 202ms (cache miss)
42 silly fetch manifest @opentelemetry/api@^1.1.0
43 http fetch GET 200 https://registry.npmjs.org/@opentelemetry%2fapi 63ms (cache miss)
44 silly fetch manifest @playwright/test@^1.51.1
45 http fetch GET 200 https://registry.npmjs.org/@playwright%2ftest 178ms (cache miss)
46 silly fetch manifest babel-plugin-react-compiler@*
47 http fetch GET 200 https://registry.npmjs.org/babel-plugin-react-compiler 245ms (cache miss)
48 silly fetch manifest react@19.2.3
49 http fetch GET 200 https://registry.npmjs.org/react 79ms (cache miss)
50 silly fetch manifest react-dom@19.2.3
51 http fetch GET 200 https://registry.npmjs.org/react-dom 86ms (cache miss)
52 silly fetch manifest sass@^1.3.0
53 http fetch GET 200 https://registry.npmjs.org/sass 35ms (cache miss)
54 silly placeDep ROOT @next/third-parties@16.1.6 OK for: temp-app@0.1.0 want: 16.1.6
55 silly fetch manifest third-party-capital@1.0.20
56 http fetch GET 200 https://registry.npmjs.org/third-party-capital 106ms (cache miss)
57 timing idealTree:#root Completed in 1158ms
58 silly placeDep ROOT third-party-capital@1.0.20 OK for: @next/third-parties@16.1.6 want: 1.0.20
59 timing idealTree:node_modules/@next/third-parties Completed in 1ms
60 timing idealTree:node_modules/@tailwindcss/oxide-wasm32-wasi Completed in 0ms
61 timing idealTree:node_modules/third-party-capital Completed in 0ms
62 timing idealTree:buildDeps Completed in 1160ms
63 timing idealTree:fixDepFlags Completed in 2ms
64 warn EBADENGINE Unsupported engine {
64 warn EBADENGINE   package: 'eslint-visitor-keys@5.0.1',
64 warn EBADENGINE   required: { node: '^20.19.0 || ^22.13.0 || >=24' },
64 warn EBADENGINE   current: { node: 'v20.10.0', npm: '10.2.3' }
64 warn EBADENGINE }
65 warn EBADENGINE Unsupported engine {
65 warn EBADENGINE   package: 'bin-links@6.0.0',
65 warn EBADENGINE   required: { node: '^20.17.0 || >=22.9.0' },
65 warn EBADENGINE   current: { node: 'v20.10.0', npm: '10.2.3' }
65 warn EBADENGINE }
66 warn EBADENGINE Unsupported engine {
66 warn EBADENGINE   package: 'cmd-shim@8.0.0',
66 warn EBADENGINE   required: { node: '^20.17.0 || >=22.9.0' },
66 warn EBADENGINE   current: { node: 'v20.10.0', npm: '10.2.3' }
66 warn EBADENGINE }
67 warn EBADENGINE Unsupported engine {
67 warn EBADENGINE   package: 'npm-normalize-package-bin@5.0.0',
67 warn EBADENGINE   required: { node: '^20.17.0 || >=22.9.0' },
67 warn EBADENGINE   current: { node: 'v20.10.0', npm: '10.2.3' }
67 warn EBADENGINE }
68 warn EBADENGINE Unsupported engine {
68 warn EBADENGINE   package: 'proc-log@6.1.0',
68 warn EBADENGINE   required: { node: '^20.17.0 || >=22.9.0' },
68 warn EBADENGINE   current: { node: 'v20.10.0', npm: '10.2.3' }
68 warn EBADENGINE }
69 warn EBADENGINE Unsupported engine {
69 warn EBADENGINE   package: 'read-cmd-shim@6.0.0',
69 warn EBADENGINE   required: { node: '^20.17.0 || >=22.9.0' },
69 warn EBADENGINE   current: { node: 'v20.10.0', npm: '10.2.3' }
69 warn EBADENGINE }
70 warn EBADENGINE Unsupported engine {
70 warn EBADENGINE   package: 'write-file-atomic@7.0.1',
70 warn EBADENGINE   required: { node: '^20.17.0 || >=22.9.0' },
70 warn EBADENGINE   current: { node: 'v20.10.0', npm: '10.2.3' }
70 warn EBADENGINE }
71 timing idealTree Completed in 1345ms
72 timing reify:loadTrees Completed in 1346ms
73 timing reify:diffTrees Completed in 6ms
74 silly reify moves {}
75 timing reify:retireShallow Completed in 0ms
76 timing reify:createSparse Completed in 7ms
77 verbose reify failed optional dependency /Users/michalglowacki/Documents/Michal/Lamiglo/internpick/node_modules/@tailwindcss/oxide-wasm32-wasi
78 silly reify mark deleted [
78 silly reify   '/Users/michalglowacki/Documents/Michal/Lamiglo/internpick/node_modules/@tailwindcss/oxide-wasm32-wasi'
78 silly reify ]
79 timing reifyNode:node_modules/@tailwindcss/oxide-wasm32-wasi Completed in 1ms
80 timing arborist:ctor Completed in 0ms
81 timing reify:rollback:createSparse Completed in 4ms
82 timing reify:rollback:retireShallow Completed in 0ms
83 timing command:install Completed in 1387ms
84 notice
84 notice New [31mmajor[39m version of npm available! [31m10.2.3[39m -> [32m11.11.1[39m
84 notice Changelog: [36mhttps://github.com/npm/cli/releases/tag/v11.11.1[39m
84 notice Run [32mnpm install -g npm@11.11.1[39m to update!
84 notice
85 verbose stack Error: EPERM: operation not permitted, lstat '/Users/michalglowacki/Documents/Michal/Lamiglo/internpick/node_modules'
86 verbose cwd /Users/michalglowacki/Documents/Michal/Lamiglo/internpick
87 verbose Darwin 25.2.0
88 verbose node v20.10.0
89 verbose npm  v10.2.3
90 error code EPERM
91 error syscall lstat
92 error path /Users/michalglowacki/Documents/Michal/Lamiglo/internpick/node_modules
93 error errno -1
94 error [Error: EPERM: operation not permitted, lstat '/Users/michalglowacki/Documents/Michal/Lamiglo/internpick/node_modules'] {
94 error   errno: -1,
94 error   code: 'EPERM',
94 error   syscall: 'lstat',
94 error   path: '/Users/michalglowacki/Documents/Michal/Lamiglo/internpick/node_modules'
94 error }
95 error
95 error The operation was rejected by your operating system.
95 error It is likely you do not have the permissions to access this file as the current user
95 error
95 error If you believe this might be a permissions issue, please double-check the
95 error permissions of the file and its containing directories, or try running
95 error the command again as root/Administrator.
96 verbose exit -1
97 timing npm Completed in 1482ms
98 verbose unfinished npm timer reify 1773491792836
99 verbose unfinished npm timer reify:loadBundles 1773491794217
100 verbose code -1
101 error A complete log of this run can be found in: /Users/michalglowacki/Documents/Michal/Lamiglo/internpick/.npm-cache/_logs/2026-03-14T12_36_32_742Z-debug-0.log
